<?xml version="1.0" encoding="UTF-8"?>
<testsuite xmlns:xsi="http://www.w3.org/2001/XMLSchema-instance" xsi:noNamespaceSchemaLocation="https://maven.apache.org/surefire/maven-surefire-plugin/xsd/surefire-test-report.xsd" name="com.danila.app.RestTest" time="7.164" tests="5" errors="0" skipped="0" failures="0">
  <properties>
[...]
</properties>
  <testcase name="addPost" classname="com.danila.app.RestTest" time="1.616"/>
  <testcase name="getPostBasedOnBrokenUri" classname="com.danila.app.RestTest" time="0.324"/>
  <testcase name="addPostWithBrokenId" classname="com.danila.app.RestTest" time="0.55"/>
  <testcase name="getFirstPost" classname="com.danila.app.RestTest" time="0.434"/>
  <testcase name="getNonExistentPost" classname="com.danila.app.RestTest" time="3.8"/>
</testsuite>